2020-06-16 00:01:02 | INFO: Starting...
2020-06-16 00:01:04 | INFO: Loading config...
2020-06-16 00:01:04 | INFO: Detecting server type (esx/vrp)...
2020-06-16 00:01:04 | INFO: Detected server type: UNKNOWN
2020-06-16 00:01:04 | INFO: Checking license...
2020-06-16 00:01:05 | INFO: 
^1
 _______ _______ _____  ______  ______         _____   _____  _______
 |______ |_____|   |   |_____/ |  ____ |      |     | |     | |  |  |
 |       |     | __|__ |    \_ |_____| |_____ |_____| |_____| |  |  |                                                                                                                                                                    
^7
2020-06-16 00:01:05 | INFO: Your license will expire on NEVER
2020-06-16 00:01:05 | INFO: Authorized, ^2welcome!^7
2020-06-16 00:03:26 | WARNING: Player Lubricant Jam (steam:110000109f12052) tried to use player blips, the user got banned
2020-06-16 00:03:26 | INFO: Target player is not null so moving on.
2020-06-16 00:03:26 | INFO: Target player isn't an admin nor whitelisted on the anticheat, let's ban him.
2020-06-16 00:03:26 | INFO: Ban record created.
2020-06-16 00:03:26 | INFO: Refreshing banned players list.
2020-06-16 00:03:26 | WARNING: Player Phant0m (steam:110000112a5238d) tried to use player blips, the user got banned
2020-06-16 00:03:26 | INFO: Target player is not null so moving on.
2020-06-16 00:03:26 | INFO: Target player isn't an admin nor whitelisted on the anticheat, let's ban him.
2020-06-16 00:03:26 | INFO: Ban record created.
2020-06-16 00:03:26 | INFO: Refreshing banned players list.
2020-06-17 20:53:24 | INFO: Starting...
2020-06-17 20:53:25 | INFO: Loading config...
2020-06-17 20:53:25 | INFO: Detecting server type (esx/vrp)...
2020-06-17 20:53:25 | INFO: Detected server type: UNKNOWN
2020-06-17 20:53:25 | INFO: Checking license...
2020-06-17 20:53:27 | INFO: 
^1
 _______ _______ _____  ______  ______         _____   _____  _______
 |______ |_____|   |   |_____/ |  ____ |      |     | |     | |  |  |
 |       |     | __|__ |    \_ |_____| |_____ |_____| |_____| |  |  |                                                                                                                                                                    
^7
2020-06-17 20:53:27 | INFO: Your license will expire on NEVER
2020-06-17 20:53:27 | INFO: Authorized, ^2welcome!^7
2020-06-17 20:54:44 | WARNING: Player Lubricant Jam (steam:110000109f12052) kicked because of 10 tries on godmode, the user got banned
2020-06-17 20:54:44 | INFO: Target player is not null so moving on.
2020-06-17 20:54:44 | INFO: Target player isn't an admin nor whitelisted on the anticheat, let's ban him.
2020-06-17 20:54:44 | INFO: Ban record created.
2020-06-17 20:54:44 | INFO: Refreshing banned players list.
2020-06-17 20:59:06 | INFO: Starting...
2020-06-17 20:59:06 | INFO: Loading config...
2020-06-17 20:59:06 | INFO: Detecting server type (esx/vrp)...
2020-06-17 20:59:06 | INFO: Detected server type: UNKNOWN
2020-06-17 20:59:06 | INFO: Checking license...
2020-06-17 20:59:07 | INFO: 
^1
 _______ _______ _____  ______  ______         _____   _____  _______
 |______ |_____|   |   |_____/ |  ____ |      |     | |     | |  |  |
 |       |     | __|__ |    \_ |_____| |_____ |_____| |_____| |  |  |                                                                                                                                                                    
^7
2020-06-17 20:59:07 | INFO: Your license will expire on NEVER
2020-06-17 20:59:07 | INFO: Authorized, ^2welcome!^7
2020-06-17 20:59:43 | INFO: Starting...
2020-06-17 20:59:44 | INFO: Loading config...
2020-06-17 20:59:44 | INFO: Detecting server type (esx/vrp)...
2020-06-17 20:59:44 | INFO: Detected server type: UNKNOWN
2020-06-17 20:59:44 | INFO: Checking license...
2020-06-17 20:59:46 | INFO: 
^1
 _______ _______ _____  ______  ______         _____   _____  _______
 |______ |_____|   |   |_____/ |  ____ |      |     | |     | |  |  |
 |       |     | __|__ |    \_ |_____| |_____ |_____| |_____| |  |  |                                                                                                                                                                    
^7
2020-06-17 20:59:46 | INFO: Your license will expire on NEVER
2020-06-17 20:59:46 | INFO: Authorized, ^2welcome!^7
2020-06-17 21:17:02 | INFO: Starting...
2020-06-17 21:17:04 | INFO: Loading config...
2020-06-17 21:17:04 | INFO: Detecting server type (esx/vrp)...
2020-06-17 21:17:04 | INFO: Detected server type: UNKNOWN
2020-06-17 21:17:04 | INFO: Checking license...
2020-06-17 21:17:05 | INFO: 
^1
 _______ _______ _____  ______  ______         _____   _____  _______
 |______ |_____|   |   |_____/ |  ____ |      |     | |     | |  |  |
 |       |     | __|__ |    \_ |_____| |_____ |_____| |_____| |  |  |                                                                                                                                                                    
^7
2020-06-17 21:17:05 | INFO: Your license will expire on NEVER
2020-06-17 21:17:05 | INFO: Authorized, ^2welcome!^7
2020-06-17 21:35:33 | INFO: Starting...
2020-06-17 21:35:34 | INFO: Loading config...
2020-06-17 21:35:35 | INFO: Detecting server type (esx/vrp)...
2020-06-17 21:35:35 | INFO: Detected server type: UNKNOWN
2020-06-17 21:35:35 | INFO: Checking license...
2020-06-17 21:35:36 | INFO: 
^1
 _______ _______ _____  ______  ______         _____   _____  _______
 |______ |_____|   |   |_____/ |  ____ |      |     | |     | |  |  |
 |       |     | __|__ |    \_ |_____| |_____ |_____| |_____| |  |  |                                                                                                                                                                    
^7
2020-06-17 21:35:36 | INFO: Your license will expire on NEVER
2020-06-17 21:35:36 | INFO: Authorized, ^2welcome!^7
